2025-06-09 20:13:25.127 [main] INFO  RestAssuredAPITest - Get Top Stories
2025-06-09 20:13:25.490 [main] INFO  RestAssuredAPITest - The request URI is https://hacker-news.firebaseio.com/v0/topstories.json
2025-06-09 20:13:26.869 [main] INFO  RestAssuredAPITest - Status code 200 as expected
2025-06-09 20:17:44.036 [main] INFO  RestAssuredAPITest - Get Items
2025-06-09 20:17:44.558 [main] INFO  RestAssuredAPITest - Get Comment
2025-06-09 20:18:10.051 [main] INFO  RestAssuredAPITest - Get Top Stories
2025-06-09 20:18:10.385 [main] INFO  RestAssuredAPITest - The request URI is https://hacker-news.firebaseio.com/v0/topstories.json
2025-06-09 20:18:11.832 [main] INFO  RestAssuredAPITest - Status code 200 as expected
2025-06-09 20:21:33.708 [main] INFO  RestAssuredAPITest - response is not empty as expected - [
    44226145,
    44229348,
    44231594,
    44226978,
    44229841,
    44231649,
    44230838,
    44229239,
    44229694,
    44226879,
    44226612,
    44201143,
    44231151,
    44199408,
    44225930,
    44179889,
    44224874,
    44197409,
    44224684,
    44224992,
    44230182,
    44200240,
    44224915,
    44203014,
    44225352,
    44229533,
    44203870,
    44225761,
    44222119,
    44197007,
    44227207,
    44206150,
    44224996,
    44225922,
    44223448,
    44227689,
    44203883,
    44229727,
    44225324,
    44220179,
    44196542,
    44228550,
    44232056,
    44230509,
    44222299,
    44230060,
    44219357,
    44226852,
    44192883,
    44223758,
    44195768,
    44220860,
    44230769,
    44220287,
    44197347,
    44226779,
    44227651,
    44187765,
    44220135,
    44231785,
    44188214,
    44183299,
    44219405,
    44217757,
    44219279,
    44186008,
    44189088,
    44188178,
    44222885,
    44228012,
    44219519,
    44188373,
    44231064,
    44230095,
    44217876,
    44225450,
    44219270,
    44220583,
    44188839,
    44230983,
    44223212,
    44216630,
    44189391,
    44180533,
    44189966,
    44217322,
    44215726,
    44221826,
    44226608,
    44219563,
    44212441,
    44230448,
    44221907,
    44215603,
    44229614,
    44210895,
    44224745,
    44211779,
    44189329,
    44218618,
    44215197,
    44219692,
    44225988,
    44219755,
    44211612,
    44212650,
    44216123,
    44221430,
    44215352,
    44226434,
    44214522,
    44210938,
    44227915,
    44215667,
    44230389,
    44227902,
    44211417,
    44209515,
    44230550,
    44205282,
    44210689,
    44212845,
    44210736,
    44227080,
    44221489,
    44207063,
    44212446,
    44201975,
    44210606,
    44205599,
    44201762,
    44219857,
    44207095,
    44217510,
    44159166,
    44221450,
    44209833,
    44208060,
    44214481,
    44222556,
    44203732,
    44199005,
    44214960,
    44225419,
    44208968,
    44204224,
    44205697,
    44204878,
    44209497,
    44208283,
    44200870,
    44215559,
    44225953,
    44199597,
    44223853,
    44213313,
    44191620,
    44212855,
    44215117,
    44201872,
    44229150,
    44203562,
    44183799,
    44205718,
    44217693,
    44203003,
    44194468,
    44207503,
    44220110,
    44219660,
    44199770,
    44226716,
    44222022,
    44196945,
    44196850,
    44212449,
    44199699,
    44221695,
    44206553,
    44219029,
    44210502,
    44226973,
    44222809,
    44200895,
    44220571,
    44216072,
    44201812,
    44177446,
    44201583,
    44201901,
    44197961,
    44168184,
    44196433,
    44189426,
    44176510,
    44203494,
    44204155,
    44195354,
    44219871,
    44222227,
    44181613,
    44199437,
    44204181,
    44199649,
    44181700,
    44204916,
    44182206,
    44211434,
    44200866,
    44197932,
    44202664,
    44214303,
    44223283,
    44201527,
    44185078,
    44213590,
    44161607,
    44185836,
    44205590,
    44209746,
    44188120,
    44213878,
    44216436,
    44178902,
    44176829,
    44209665,
    44191558,
    44184900,
    44193965,
    44224830,
    44186736,
    44196589,
    44226967,
    44192995,
    44217904,
    44180954,
    44167592,
    44194120,
    44195961,
    44210441,
    44215131,
    44197112,
    44194521,
    44200797,
    44196417,
    44228013,
    44205317,
    44199592,
    44178468,
    44201748,
    44176737,
    44225156,
    44230536,
    44223393,
    44198503,
    44182188,
    44186536,
    44205694,
    44221509,
    44191591,
    44181421,
    44211461,
    44209986,
    44228389,
    44201072,
    44193933,
    44193390,
    44206238,
    44227403,
    44200101,
    44214835,
    44176919,
    44162814,
    44201736,
    44210582,
    44195931,
    44200585,
    44220325,
    44186496,
    44228274,
    44183591,
    44155746,
    44169115,
    44194082,
    44172659,
    44200773,
    44186459,
    44209269,
    44167049,
    44196393,
    44205060,
    44204277,
    44194859,
    44163063,
    44219171,
    44208050,
    44173853,
    44186607,
    44157177,
    44173377,
    44202110,
    44179257,
    44185913,
    44175579,
    44214926,
    44205620,
    44185256,
    44211130,
    44213208,
    44168256,
    44182186,
    44219195,
    44162363,
    44176514,
    44184542,
    44178445,
    44182184,
    44209415,
    44159528,
    44217461,
    44182698,
    44181305,
    44188248,
    44187645,
    44176825,
    44193120,
    44187338,
    44212156,
    44194700,
    44222702,
    44185856,
    44223767,
    44169132,
    44211928,
    44186660,
    44196576,
    44163496,
    44226634,
    44171677,
    44182356,
    44211418,
    44211411,
    44171363,
    44204603,
    44211273,
    44204442,
    44211052,
    44228460,
    44218543,
    44204637,
    44219898,
    44185158,
    44163618,
    44186283,
    44205547,
    44199123,
    44158353,
    44227741,
    44214308,
    44214243,
    44192955,
    44209320,
    44202519,
    44155761,
    44182582,
    44168201,
    44201857,
    44189741,
    44210390,
    44210794,
    44170694,
    44199495,
    44208161,
    44206745,
    44185845,
    44203144,
    44203095,
    44172428,
    44156935,
    44212586,
    44199132,
    44218381,
    44163877,
    44169413,
    44209910,
    44178674,
    44205952,
    44201519,
    44204767,
    44205789,
    44205602,
    44208134,
    44211828,
    44205424,
    44205319,
    44168265,
    44159758,
    44193195,
    44160012,
    44222494,
    44157077,
    44166102,
    44184849,
    44170968,
    44205895,
    44172166,
    44174965,
    44194431,
    44175356,
    44198829,
    44207100,
    44202759,
    44218787,
    44194469,
    44199299,
    44221706,
    44186780,
    44196211,
    44163428,
    44193328,
    44174190,
    44174036,
    44175905,
    44174856,
    44182941,
    44227137,
    44194871,
    44197493,
    44155635,
    44212676,
    44204670,
    44181237,
    44199840,
    44208938,
    44193930,
    44175557,
    44205372,
    44217940,
    44155741,
    44208750,
    44204938,
    44157406,
    44204720,
    44203628,
    44227934,
    44175773,
    44227825,
    44211681,
    44210339,
    44157378,
    44203763,
    44222768,
    44160073,
    44217280,
    44173193,
    44219012,
    44212413,
    44225658,
    44161102,
    44208246,
    44214493,
    44187457,
    44159525,
    44200850,
    44204626,
    44170719,
    44210614,
    44160358,
    44173667,
    44216730,
    44178024,
    44176172,
    44177964,
    44214386,
    44216664,
    44185651,
    44227194,
    44188562,
    44227152,
    44222277,
    44217999,
    44207249,
    44225041,
    44193225,
    44176636,
    44172340,
    44176425,
    44206493,
    44225729,
    44213479,
    44222140,
    44155426,
    44199658,
    44158720,
    44180760,
    44213306,
    44224727,
    44227331,
    44166155,
    44205790
]
2025-06-09 20:21:40.015 [main] INFO  RestAssuredAPITest - Get Top Stories
2025-06-09 20:21:40.362 [main] INFO  RestAssuredAPITest - The request URI is https://hacker-news.firebaseio.com/v0/topstories.json
2025-06-09 20:21:42.010 [main] INFO  RestAssuredAPITest - Status code 200 as expected
2025-06-09 20:22:03.965 [main] INFO  RestAssuredAPITest - response is not empty as expected - [
    44226145,
    44229348,
    44231594,
    44226978,
    44229841,
    44231649,
    44230838,
    44229239,
    44229694,
    44226879,
    44226612,
    44201143,
    44231151,
    44199408,
    44225930,
    44179889,
    44224874,
    44197409,
    44224684,
    44224992,
    44230182,
    44200240,
    44224915,
    44225352,
    44203014,
    44229533,
    44203870,
    44225761,
    44222119,
    44227207,
    44197007,
    44206150,
    44224996,
    44225922,
    44223448,
    44227689,
    44203883,
    44229727,
    44225324,
    44220179,
    44196542,
    44228550,
    44232056,
    44230509,
    44222299,
    44230060,
    44219357,
    44226852,
    44192883,
    44223758,
    44195768,
    44220860,
    44220287,
    44230769,
    44197347,
    44226779,
    44187765,
    44227651,
    44220135,
    44188214,
    44231785,
    44183299,
    44219405,
    44217757,
    44219279,
    44186008,
    44189088,
    44188178,
    44222885,
    44228012,
    44188373,
    44219519,
    44217876,
    44231064,
    44230095,
    44225450,
    44219270,
    44220583,
    44188839,
    44223212,
    44230983,
    44216630,
    44189391,
    44180533,
    44189966,
    44217322,
    44215726,
    44221826,
    44226608,
    44219563,
    44212441,
    44221907,
    44230448,
    44215603,
    44229614,
    44210895,
    44227902,
    44211779,
    44224745,
    44189329,
    44218618,
    44215197,
    44219692,
    44225988,
    44219755,
    44211612,
    44212650,
    44216123,
    44221430,
    44230550,
    44215352,
    44226434,
    44214522,
    44210938,
    44227915,
    44215667,
    44230389,
    44211417,
    44209515,
    44205282,
    44210689,
    44212845,
    44210736,
    44227080,
    44221489,
    44207063,
    44212446,
    44201975,
    44210606,
    44205599,
    44225419,
    44201762,
    44219857,
    44207095,
    44217510,
    44159166,
    44221450,
    44209833,
    44208060,
    44214481,
    44222556,
    44203732,
    44199005,
    44215559,
    44214960,
    44208968,
    44204224,
    44205697,
    44204878,
    44209497,
    44208283,
    44200870,
    44225953,
    44199597,
    44223853,
    44213313,
    44191620,
    44212855,
    44215117,
    44201872,
    44229150,
    44203562,
    44183799,
    44205718,
    44217693,
    44203003,
    44194468,
    44207503,
    44220110,
    44219660,
    44199770,
    44226716,
    44222022,
    44196945,
    44196850,
    44212449,
    44199699,
    44221695,
    44206553,
    44219029,
    44210502,
    44226973,
    44200895,
    44222809,
    44220571,
    44201812,
    44216072,
    44177446,
    44201583,
    44201901,
    44197961,
    44168184,
    44196433,
    44189426,
    44176510,
    44203494,
    44204155,
    44195354,
    44219871,
    44222227,
    44181613,
    44199437,
    44204181,
    44199649,
    44181700,
    44182206,
    44204916,
    44211434,
    44200866,
    44197932,
    44202664,
    44214303,
    44201527,
    44223283,
    44185078,
    44213590,
    44161607,
    44185836,
    44205590,
    44209746,
    44188120,
    44213878,
    44178902,
    44216436,
    44176829,
    44191558,
    44184900,
    44209665,
    44186736,
    44193965,
    44224830,
    44196589,
    44192995,
    44217904,
    44226967,
    44180954,
    44167592,
    44194120,
    44195961,
    44210441,
    44215131,
    44197112,
    44194521,
    44200797,
    44196417,
    44205317,
    44228013,
    44199592,
    44178468,
    44201748,
    44176737,
    44225156,
    44198503,
    44223393,
    44182188,
    44186536,
    44205694,
    44230536,
    44221509,
    44191591,
    44181421,
    44211461,
    44209986,
    44193933,
    44201072,
    44193390,
    44206238,
    44228389,
    44227403,
    44200101,
    44214835,
    44176919,
    44162814,
    44201736,
    44210582,
    44195931,
    44200585,
    44220325,
    44186496,
    44183591,
    44155746,
    44169115,
    44228274,
    44194082,
    44172659,
    44200773,
    44186459,
    44209269,
    44167049,
    44196393,
    44205060,
    44204277,
    44194859,
    44163063,
    44173853,
    44208050,
    44219171,
    44186607,
    44157177,
    44173377,
    44202110,
    44179257,
    44185913,
    44175579,
    44205620,
    44214926,
    44185256,
    44211130,
    44213208,
    44168256,
    44182186,
    44219195,
    44162363,
    44176514,
    44184542,
    44178445,
    44182184,
    44209415,
    44159528,
    44182698,
    44181305,
    44217461,
    44188248,
    44187645,
    44176825,
    44193120,
    44187338,
    44194700,
    44212156,
    44185856,
    44222702,
    44169132,
    44223767,
    44211928,
    44186660,
    44196576,
    44163496,
    44171677,
    44226634,
    44182356,
    44211418,
    44211411,
    44171363,
    44204603,
    44211273,
    44204442,
    44211052,
    44228460,
    44218543,
    44204637,
    44163618,
    44185158,
    44219898,
    44186283,
    44205547,
    44199123,
    44158353,
    44214308,
    44227741,
    44214243,
    44192955,
    44209320,
    44202519,
    44155761,
    44182582,
    44168201,
    44201857,
    44189741,
    44210390,
    44210794,
    44170694,
    44199495,
    44208161,
    44206745,
    44185845,
    44203144,
    44203095,
    44172428,
    44156935,
    44212586,
    44199132,
    44218381,
    44163877,
    44169413,
    44209910,
    44178674,
    44205952,
    44201519,
    44204767,
    44205789,
    44205602,
    44208134,
    44211828,
    44205424,
    44205319,
    44168265,
    44159758,
    44193195,
    44160012,
    44157077,
    44222494,
    44166102,
    44184849,
    44170968,
    44205895,
    44172166,
    44174965,
    44194431,
    44175356,
    44198829,
    44207100,
    44202759,
    44194469,
    44218787,
    44199299,
    44221706,
    44186780,
    44196211,
    44163428,
    44193328,
    44174190,
    44174036,
    44175905,
    44174856,
    44182941,
    44194871,
    44227137,
    44197493,
    44155635,
    44212676,
    44204670,
    44181237,
    44199840,
    44208938,
    44193930,
    44175557,
    44205372,
    44217940,
    44155741,
    44208750,
    44157406,
    44204938,
    44204720,
    44203628,
    44175773,
    44227934,
    44211681,
    44210339,
    44227825,
    44157378,
    44203763,
    44160073,
    44222768,
    44173193,
    44217280,
    44219012,
    44212413,
    44161102,
    44225658,
    44208246,
    44214493,
    44187457,
    44159525,
    44200850,
    44204626,
    44170719,
    44210614,
    44160358,
    44173667,
    44178024,
    44176172,
    44216730,
    44177964,
    44214386,
    44216664,
    44185651,
    44188562,
    44227194,
    44222277,
    44227152,
    44217999,
    44207249,
    44193225,
    44225041,
    44176636,
    44172340,
    44176425,
    44206493,
    44213479,
    44225729,
    44155426,
    44199658,
    44158720,
    44222140,
    44180760,
    44213306,
    44224727,
    44166155,
    44227331,
    44205790
]
2025-06-09 20:22:07.683 [main] INFO  RestAssuredAPITest - response has one or more top stories
2025-06-09 20:22:09.853 [main] INFO  RestAssuredAPITest - Get Items
2025-06-09 20:22:10.113 [main] INFO  RestAssuredAPITest - Get Comment
2025-06-09 20:22:56.595 [main] INFO  RestAssuredAPITest - Get Top Stories
2025-06-09 20:22:56.916 [main] INFO  RestAssuredAPITest - The request URI is https://hacker-news.firebaseio.com/v0/topstories.json
2025-06-09 20:22:58.399 [main] INFO  RestAssuredAPITest - Status code 200 as expected
2025-06-09 20:22:58.457 [main] INFO  RestAssuredAPITest - response is not empty as expected - [
    44226145,
    44229348,
    44231594,
    44226978,
    44229841,
    44231649,
    44230838,
    44229239,
    44229694,
    44226879,
    44226612,
    44201143,
    44231151,
    44199408,
    44225930,
    44179889,
    44224874,
    44197409,
    44224684,
    44224992,
    44230182,
    44200240,
    44224915,
    44225352,
    44203014,
    44229533,
    44203870,
    44225761,
    44222119,
    44227207,
    44197007,
    44206150,
    44224996,
    44225922,
    44223448,
    44227689,
    44203883,
    44229727,
    44225324,
    44220179,
    44230509,
    44196542,
    44228550,
    44232056,
    44222299,
    44230060,
    44219357,
    44226852,
    44192883,
    44223758,
    44195768,
    44231785,
    44220860,
    44220287,
    44230769,
    44197347,
    44226779,
    44187765,
    44227651,
    44220135,
    44188214,
    44183299,
    44219405,
    44217757,
    44219279,
    44186008,
    44189088,
    44188178,
    44222885,
    44228012,
    44188373,
    44219519,
    44217876,
    44231064,
    44230095,
    44225450,
    44219270,
    44220583,
    44188839,
    44223212,
    44230983,
    44216630,
    44189391,
    44180533,
    44189966,
    44217322,
    44215726,
    44221826,
    44226608,
    44219563,
    44212441,
    44221907,
    44230448,
    44215603,
    44229614,
    44227902,
    44210895,
    44211779,
    44224745,
    44189329,
    44218618,
    44215197,
    44219692,
    44225988,
    44219755,
    44211612,
    44212650,
    44216123,
    44221430,
    44215352,
    44230550,
    44226434,
    44214522,
    44210938,
    44227915,
    44215667,
    44211417,
    44230389,
    44209515,
    44205282,
    44210689,
    44212845,
    44210736,
    44221489,
    44227080,
    44207063,
    44212446,
    44201975,
    44210606,
    44205599,
    44225419,
    44201762,
    44207095,
    44219857,
    44217510,
    44159166,
    44221450,
    44209833,
    44208060,
    44214481,
    44222556,
    44203732,
    44199005,
    44215559,
    44214960,
    44208968,
    44204224,
    44205697,
    44204878,
    44208283,
    44209497,
    44200870,
    44199597,
    44225953,
    44223853,
    44213313,
    44191620,
    44212855,
    44215117,
    44201872,
    44229150,
    44203562,
    44183799,
    44205718,
    44217693,
    44203003,
    44194468,
    44207503,
    44220110,
    44219660,
    44199770,
    44226716,
    44222022,
    44196945,
    44196850,
    44212449,
    44199699,
    44221695,
    44206553,
    44219029,
    44210502,
    44226973,
    44200895,
    44222809,
    44220571,
    44201812,
    44216072,
    44177446,
    44201583,
    44201901,
    44197961,
    44168184,
    44196433,
    44189426,
    44176510,
    44203494,
    44204155,
    44195354,
    44219871,
    44181613,
    44222227,
    44199437,
    44204181,
    44199649,
    44181700,
    44182206,
    44204916,
    44211434,
    44197932,
    44200866,
    44202664,
    44214303,
    44201527,
    44223283,
    44185078,
    44213590,
    44161607,
    44185836,
    44205590,
    44209746,
    44188120,
    44213878,
    44178902,
    44216436,
    44176829,
    44191558,
    44184900,
    44209665,
    44186736,
    44193965,
    44196589,
    44224830,
    44192995,
    44217904,
    44180954,
    44226967,
    44167592,
    44194120,
    44195961,
    44210441,
    44215131,
    44197112,
    44194521,
    44200797,
    44196417,
    44205317,
    44199592,
    44228013,
    44178468,
    44201748,
    44176737,
    44225156,
    44198503,
    44182188,
    44186536,
    44223393,
    44205694,
    44230536,
    44221509,
    44191591,
    44181421,
    44211461,
    44209986,
    44193933,
    44201072,
    44193390,
    44206238,
    44228389,
    44227403,
    44200101,
    44214835,
    44176919,
    44162814,
    44201736,
    44210582,
    44195931,
    44200585,
    44220325,
    44186496,
    44183591,
    44155746,
    44169115,
    44194082,
    44228274,
    44172659,
    44200773,
    44186459,
    44209269,
    44167049,
    44196393,
    44205060,
    44204277,
    44194859,
    44163063,
    44173853,
    44208050,
    44219171,
    44186607,
    44157177,
    44173377,
    44202110,
    44179257,
    44185913,
    44175579,
    44205620,
    44214926,
    44185256,
    44211130,
    44213208,
    44168256,
    44182186,
    44219195,
    44162363,
    44176514,
    44184542,
    44178445,
    44182184,
    44209415,
    44159528,
    44182698,
    44181305,
    44217461,
    44188248,
    44187645,
    44176825,
    44193120,
    44187338,
    44194700,
    44212156,
    44185856,
    44169132,
    44222702,
    44223767,
    44211928,
    44186660,
    44196576,
    44163496,
    44171677,
    44226634,
    44182356,
    44211418,
    44211411,
    44171363,
    44204603,
    44211273,
    44204442,
    44211052,
    44228460,
    44218543,
    44204637,
    44163618,
    44185158,
    44219898,
    44186283,
    44205547,
    44158353,
    44199123,
    44214308,
    44214243,
    44227741,
    44192955,
    44209320,
    44155761,
    44202519,
    44182582,
    44168201,
    44201857,
    44189741,
    44210390,
    44210794,
    44170694,
    44199495,
    44208161,
    44206745,
    44185845,
    44203144,
    44203095,
    44172428,
    44156935,
    44212586,
    44199132,
    44218381,
    44163877,
    44169413,
    44209910,
    44178674,
    44205952,
    44201519,
    44204767,
    44205789,
    44205602,
    44208134,
    44211828,
    44205424,
    44205319,
    44168265,
    44159758,
    44193195,
    44160012,
    44157077,
    44222494,
    44166102,
    44184849,
    44170968,
    44205895,
    44172166,
    44174965,
    44194431,
    44175356,
    44198829,
    44207100,
    44202759,
    44194469,
    44218787,
    44199299,
    44186780,
    44221706,
    44196211,
    44163428,
    44193328,
    44174190,
    44174036,
    44175905,
    44174856,
    44182941,
    44194871,
    44227137,
    44197493,
    44155635,
    44212676,
    44204670,
    44181237,
    44199840,
    44208938,
    44193930,
    44175557,
    44205372,
    44217940,
    44155741,
    44208750,
    44157406,
    44204938,
    44204720,
    44203628,
    44175773,
    44227934,
    44211681,
    44210339,
    44227825,
    44157378,
    44203763,
    44160073,
    44222768,
    44173193,
    44217280,
    44219012,
    44212413,
    44161102,
    44225658,
    44208246,
    44214493,
    44187457,
    44159525,
    44200850,
    44204626,
    44170719,
    44210614,
    44160358,
    44173667,
    44178024,
    44176172,
    44216730,
    44177964,
    44214386,
    44216664,
    44185651,
    44188562,
    44227194,
    44222277,
    44227152,
    44207249,
    44217999,
    44193225,
    44176636,
    44225041,
    44172340,
    44176425,
    44206493,
    44213479,
    44225729,
    44155426,
    44199658,
    44158720,
    44222140,
    44180760,
    44213306,
    44224727,
    44166155,
    44205790,
    44227331
]
2025-06-09 20:22:58.476 [main] INFO  RestAssuredAPITest - response has one or more top stories
2025-06-09 20:22:58.737 [main] INFO  RestAssuredAPITest - Get Items
2025-06-09 20:22:59.003 [main] INFO  RestAssuredAPITest - Get Comment
2025-06-09 20:31:58.333 [main] INFO  RestAssuredAPITest - Get Top Stories
2025-06-09 20:31:58.686 [main] INFO  RestAssuredAPITest - The request URI is https://hacker-news.firebaseio.com/v0/topstories.json
2025-06-09 20:32:00.161 [main] INFO  RestAssuredAPITest - Status code 200 as expected
2025-06-09 20:32:00.213 [main] INFO  RestAssuredAPITest - response is not empty as expected - [
    44226145,
    44229348,
    44231594,
    44226978,
    44229841,
    44231649,
    44230838,
    44229239,
    44226879,
    44229694,
    44226612,
    44201143,
    44231151,
    44199408,
    44225930,
    44179889,
    44224874,
    44224684,
    44197409,
    44224992,
    44230182,
    44200240,
    44224915,
    44225352,
    44229533,
    44225761,
    44203870,
    44203014,
    44222119,
    44227207,
    44206150,
    44197007,
    44224996,
    44225922,
    44223448,
    44227689,
    44203883,
    44229727,
    44225324,
    44220179,
    44196542,
    44230509,
    44228550,
    44222299,
    44232056,
    44219357,
    44230060,
    44231785,
    44226852,
    44192883,
    44223758,
    44195768,
    44220860,
    44197347,
    44220287,
    44226779,
    44230769,
    44187765,
    44220135,
    44227651,
    44188214,
    44183299,
    44219405,
    44217757,
    44219279,
    44186008,
    44189088,
    44188178,
    44222885,
    44228012,
    44188373,
    44219519,
    44217876,
    44219270,
    44220583,
    44225450,
    44230095,
    44188839,
    44231064,
    44223212,
    44216630,
    44189391,
    44230983,
    44180533,
    44189966,
    44217322,
    44215726,
    44221826,
    44226608,
    44212441,
    44219563,
    44221907,
    44215603,
    44230448,
    44210895,
    44211779,
    44229614,
    44227902,
    44224745,
    44189329,
    44218618,
    44215197,
    44219692,
    44225988,
    44219755,
    44211612,
    44212650,
    44216123,
    44221430,
    44215352,
    44214522,
    44226434,
    44230550,
    44210938,
    44227915,
    44215667,
    44211417,
    44209515,
    44205282,
    44210689,
    44212845,
    44230389,
    44210736,
    44221489,
    44227080,
    44207063,
    44212446,
    44201975,
    44210606,
    44205599,
    44225419,
    44201762,
    44207095,
    44219857,
    44217510,
    44159166,
    44221450,
    44209833,
    44208060,
    44214481,
    44203732,
    44222556,
    44199005,
    44215559,
    44214960,
    44208968,
    44204224,
    44205697,
    44204878,
    44208283,
    44209497,
    44200870,
    44199597,
    44225953,
    44223853,
    44191620,
    44213313,
    44212855,
    44201872,
    44215117,
    44203562,
    44183799,
    44229150,
    44205718,
    44217693,
    44203003,
    44194468,
    44207503,
    44220110,
    44219660,
    44199770,
    44222022,
    44226716,
    44196945,
    44196850,
    44212449,
    44199699,
    44221695,
    44206553,
    44219029,
    44210502,
    44200895,
    44226973,
    44222809,
    44220571,
    44201812,
    44216072,
    44177446,
    44201583,
    44201901,
    44197961,
    44168184,
    44196433,
    44189426,
    44176510,
    44203494,
    44204155,
    44195354,
    44219871,
    44181613,
    44199437,
    44222227,
    44199649,
    44204181,
    44181700,
    44182206,
    44204916,
    44211434,
    44197932,
    44200866,
    44202664,
    44214303,
    44201527,
    44185078,
    44213590,
    44223283,
    44161607,
    44185836,
    44205590,
    44209746,
    44188120,
    44213878,
    44178902,
    44216436,
    44176829,
    44184900,
    44191558,
    44209665,
    44186736,
    44193965,
    44196589,
    44192995,
    44180954,
    44224830,
    44167592,
    44217904,
    44194120,
    44195961,
    44210441,
    44226967,
    44215131,
    44197112,
    44194521,
    44200797,
    44196417,
    44205317,
    44199592,
    44178468,
    44201748,
    44176737,
    44206238,
    44228013,
    44228389,
    44198503,
    44225156,
    44182188,
    44186536,
    44205694,
    44223393,
    44191591,
    44221509,
    44181421,
    44211461,
    44209986,
    44230536,
    44193933,
    44201072,
    44193390,
    44200101,
    44214835,
    44176919,
    44227403,
    44162814,
    44201736,
    44210582,
    44195931,
    44200585,
    44186496,
    44220325,
    44155746,
    44183591,
    44169115,
    44194082,
    44172659,
    44200773,
    44186459,
    44228274,
    44167049,
    44209269,
    44196393,
    44205060,
    44204277,
    44194859,
    44163063,
    44173853,
    44208050,
    44186607,
    44157177,
    44219171,
    44173377,
    44202110,
    44179257,
    44185913,
    44175579,
    44205620,
    44214926,
    44185256,
    44211130,
    44213208,
    44168256,
    44182186,
    44162363,
    44219195,
    44176514,
    44184542,
    44178445,
    44182184,
    44159528,
    44209415,
    44182698,
    44181305,
    44188248,
    44187645,
    44217461,
    44176825,
    44193120,
    44187338,
    44194700,
    44212156,
    44185856,
    44169132,
    44186660,
    44222702,
    44196576,
    44211928,
    44163496,
    44223767,
    44171677,
    44182356,
    44226634,
    44211418,
    44211411,
    44171363,
    44204603,
    44211273,
    44204442,
    44211052,
    44218543,
    44204637,
    44163618,
    44185158,
    44228460,
    44219898,
    44186283,
    44205547,
    44158353,
    44199123,
    44214308,
    44214243,
    44192955,
    44155761,
    44209320,
    44202519,
    44227741,
    44182582,
    44168201,
    44201857,
    44189741,
    44210390,
    44210794,
    44170694,
    44199495,
    44208161,
    44206745,
    44185845,
    44203144,
    44203095,
    44172428,
    44156935,
    44199132,
    44212586,
    44218381,
    44163877,
    44169413,
    44209910,
    44178674,
    44205952,
    44201519,
    44204767,
    44205789,
    44205602,
    44208134,
    44211828,
    44205424,
    44205319,
    44168265,
    44159758,
    44193195,
    44160012,
    44157077,
    44166102,
    44222494,
    44184849,
    44170968,
    44205895,
    44172166,
    44174965,
    44194431,
    44175356,
    44198829,
    44207100,
    44202759,
    44194469,
    44218787,
    44199299,
    44186780,
    44163428,
    44196211,
    44221706,
    44193328,
    44174190,
    44174036,
    44175905,
    44174856,
    44182941,
    44194871,
    44197493,
    44155635,
    44212676,
    44181237,
    44204670,
    44199840,
    44208938,
    44193930,
    44227137,
    44175557,
    44205372,
    44155741,
    44217940,
    44208750,
    44157406,
    44204938,
    44204720,
    44203628,
    44175773,
    44211681,
    44210339,
    44157378,
    44227934,
    44203763,
    44160073,
    44227825,
    44173193,
    44222768,
    44217280,
    44161102,
    44212413,
    44219012,
    44208246,
    44214493,
    44187457,
    44225658,
    44159525,
    44200850,
    44204626,
    44170719,
    44210614,
    44160358,
    44173667,
    44178024,
    44176172,
    44177964,
    44216730,
    44214386,
    44185651,
    44216664,
    44188562,
    44222277,
    44207249,
    44227194,
    44217999,
    44227152,
    44193225,
    44176636,
    44225041,
    44172340,
    44176425,
    44206493,
    44213479,
    44155426,
    44158720,
    44199658,
    44180760,
    44225729,
    44222140,
    44213306,
    44166155,
    44205790,
    44224727,
    44193908
]
2025-06-09 20:32:00.237 [main] INFO  RestAssuredAPITest - response has one or more top stories
2025-06-09 20:32:00.540 [main] INFO  RestAssuredAPITest - Get Items
2025-06-09 20:32:00.758 [main] INFO  RestAssuredAPITest - Get Comment
2025-06-09 20:33:57.242 [main] INFO  RestAssuredAPITest - Get Top Stories
2025-06-09 20:33:57.681 [main] INFO  RestAssuredAPITest - The request URI is https://hacker-news.firebaseio.com/v0/topstories.json
2025-06-09 20:33:58.895 [main] INFO  RestAssuredAPITest - Status code 200 as expected
2025-06-09 20:33:58.952 [main] INFO  RestAssuredAPITest - response is not empty as expected - [
    44226145,
    44229348,
    44226978,
    44231594,
    44229841,
    44231649,
    44230838,
    44229239,
    44226879,
    44229694,
    44226612,
    44201143,
    44231151,
    44199408,
    44225930,
    44179889,
    44224874,
    44224684,
    44224992,
    44197409,
    44230182,
    44200240,
    44224915,
    44225352,
    44229533,
    44225761,
    44203870,
    44203014,
    44222119,
    44227207,
    44206150,
    44197007,
    44224996,
    44225922,
    44223448,
    44227689,
    44203883,
    44229727,
    44225324,
    44220179,
    44196542,
    44230509,
    44228550,
    44222299,
    44232056,
    44219357,
    44230060,
    44231785,
    44226852,
    44192883,
    44223758,
    44195768,
    44220860,
    44197347,
    44220287,
    44226779,
    44230769,
    44187765,
    44220135,
    44227651,
    44188214,
    44183299,
    44219405,
    44217757,
    44219279,
    44186008,
    44189088,
    44188178,
    44222885,
    44228012,
    44188373,
    44219519,
    44217876,
    44219270,
    44220583,
    44188839,
    44225450,
    44230095,
    44231064,
    44223212,
    44216630,
    44189391,
    44230983,
    44180533,
    44189966,
    44217322,
    44215726,
    44221826,
    44226608,
    44212441,
    44219563,
    44221907,
    44215603,
    44230448,
    44211779,
    44210895,
    44227902,
    44229614,
    44224745,
    44189329,
    44218618,
    44215197,
    44219692,
    44225988,
    44219755,
    44211612,
    44212650,
    44216123,
    44221430,
    44215352,
    44214522,
    44226434,
    44230550,
    44210938,
    44227915,
    44215667,
    44211417,
    44209515,
    44205282,
    44210689,
    44212845,
    44230389,
    44210736,
    44221489,
    44227080,
    44207063,
    44212446,
    44201975,
    44210606,
    44205599,
    44225419,
    44201762,
    44207095,
    44219857,
    44217510,
    44159166,
    44221450,
    44209833,
    44208060,
    44214481,
    44203732,
    44222556,
    44199005,
    44215559,
    44214960,
    44208968,
    44204224,
    44204878,
    44205697,
    44208283,
    44209497,
    44200870,
    44199597,
    44225953,
    44223853,
    44191620,
    44213313,
    44212855,
    44201872,
    44215117,
    44203562,
    44183799,
    44205718,
    44229150,
    44217693,
    44203003,
    44194468,
    44207503,
    44220110,
    44199770,
    44219660,
    44222022,
    44226716,
    44196945,
    44196850,
    44212449,
    44199699,
    44221695,
    44206553,
    44219029,
    44210502,
    44200895,
    44226973,
    44222809,
    44201812,
    44220571,
    44216072,
    44177446,
    44201583,
    44201901,
    44197961,
    44168184,
    44196433,
    44189426,
    44176510,
    44203494,
    44204155,
    44195354,
    44219871,
    44181613,
    44199437,
    44222227,
    44199649,
    44204181,
    44181700,
    44182206,
    44204916,
    44211434,
    44197932,
    44200866,
    44202664,
    44214303,
    44201527,
    44185078,
    44213590,
    44161607,
    44223283,
    44185836,
    44205590,
    44209746,
    44213878,
    44188120,
    44178902,
    44216436,
    44176829,
    44184900,
    44191558,
    44209665,
    44186736,
    44193965,
    44196589,
    44192995,
    44180954,
    44167592,
    44217904,
    44224830,
    44194120,
    44195961,
    44210441,
    44226967,
    44215131,
    44197112,
    44194521,
    44200797,
    44196417,
    44205317,
    44199592,
    44178468,
    44201748,
    44176737,
    44206238,
    44228013,
    44228389,
    44198503,
    44182188,
    44186536,
    44225156,
    44205694,
    44223393,
    44191591,
    44221509,
    44181421,
    44211461,
    44209986,
    44193933,
    44201072,
    44193390,
    44230536,
    44200101,
    44214835,
    44176919,
    44162814,
    44227403,
    44201736,
    44210582,
    44195931,
    44200585,
    44186496,
    44220325,
    44155746,
    44183591,
    44169115,
    44194082,
    44172659,
    44200773,
    44186459,
    44167049,
    44228274,
    44209269,
    44196393,
    44205060,
    44204277,
    44194859,
    44163063,
    44173853,
    44208050,
    44186607,
    44157177,
    44173377,
    44219171,
    44202110,
    44179257,
    44185913,
    44175579,
    44205620,
    44214926,
    44185256,
    44211130,
    44213208,
    44168256,
    44182186,
    44162363,
    44219195,
    44176514,
    44184542,
    44178445,
    44182184,
    44159528,
    44209415,
    44182698,
    44181305,
    44188248,
    44187645,
    44217461,
    44176825,
    44193120,
    44187338,
    44194700,
    44212156,
    44185856,
    44169132,
    44186660,
    44196576,
    44222702,
    44211928,
    44163496,
    44223767,
    44171677,
    44182356,
    44211418,
    44171363,
    44211411,
    44226634,
    44204603,
    44211273,
    44204442,
    44211052,
    44218543,
    44204637,
    44163618,
    44185158,
    44228460,
    44219898,
    44186283,
    44205547,
    44158353,
    44199123,
    44214308,
    44214243,
    44192955,
    44155761,
    44209320,
    44202519,
    44182582,
    44227741,
    44168201,
    44201857,
    44189741,
    44210390,
    44210794,
    44170694,
    44199495,
    44208161,
    44206745,
    44185845,
    44203144,
    44203095,
    44172428,
    44156935,
    44199132,
    44212586,
    44218381,
    44163877,
    44169413,
    44209910,
    44178674,
    44205952,
    44201519,
    44204767,
    44205789,
    44205602,
    44208134,
    44211828,
    44205424,
    44205319,
    44168265,
    44159758,
    44193195,
    44160012,
    44157077,
    44166102,
    44222494,
    44184849,
    44170968,
    44205895,
    44172166,
    44174965,
    44194431,
    44175356,
    44198829,
    44207100,
    44202759,
    44194469,
    44199299,
    44218787,
    44186780,
    44163428,
    44196211,
    44193328,
    44221706,
    44174190,
    44174036,
    44175905,
    44174856,
    44182941,
    44194871,
    44155635,
    44197493,
    44212676,
    44181237,
    44204670,
    44199840,
    44208938,
    44193930,
    44175557,
    44227137,
    44205372,
    44155741,
    44217940,
    44208750,
    44157406,
    44204938,
    44204720,
    44203628,
    44175773,
    44211681,
    44210339,
    44157378,
    44227934,
    44203763,
    44160073,
    44227825,
    44173193,
    44222768,
    44161102,
    44217280,
    44212413,
    44219012,
    44208246,
    44214493,
    44187457,
    44159525,
    44225658,
    44200850,
    44170719,
    44204626,
    44210614,
    44160358,
    44173667,
    44178024,
    44176172,
    44177964,
    44216730,
    44214386,
    44185651,
    44216664,
    44188562,
    44222277,
    44207249,
    44217999,
    44227194,
    44193225,
    44227152,
    44176636,
    44225041,
    44172340,
    44176425,
    44206493,
    44213479,
    44155426,
    44158720,
    44199658,
    44180760,
    44225729,
    44222140,
    44213306,
    44166155,
    44205790,
    44193908,
    44173581
]
2025-06-09 20:33:58.971 [main] INFO  RestAssuredAPITest - response has one or more top stories
2025-06-09 20:33:59.240 [main] INFO  RestAssuredAPITest - Get Items
2025-06-09 20:33:59.596 [main] INFO  RestAssuredAPITest - Get Comment
2025-06-09 21:29:59.506 [main] INFO  RestAssuredAPITest - Get Top Stories
2025-06-09 21:29:59.913 [main] INFO  RestAssuredAPITest - The request URI is https://hacker-news.firebaseio.com/v0/topstories.json
2025-06-09 21:30:01.650 [main] INFO  RestAssuredAPITest - Status code 200 as expected
2025-06-09 21:30:07.567 [main] INFO  RestAssuredAPITest - response is not empty as expected - [
    44226145,
    44229348,
    44226978,
    44231649,
    44231594,
    44229841,
    44229239,
    44230838,
    44207943,
    44226879,
    44229694,
    44201143,
    44226612,
    44198751,
    44225930,
    44179889,
    44231151,
    44224874,
    44199408,
    44230182,
    44224684,
    44224992,
    44225352,
    44224915,
    44200240,
    44225761,
    44197409,
    44203870,
    44222119,
    44229533,
    44206150,
    44227207,
    44224996,
    44197007,
    44203014,
    44225922,
    44223448,
    44227689,
    44220179,
    44225324,
    44203883,
    44226852,
    44196542,
    44228550,
    44222299,
    44229727,
    44219357,
    44230509,
    44230060,
    44192883,
    44223758,
    44220860,
    44197347,
    44220287,
    44227651,
    44195768,
    44187765,
    44220135,
    44226779,
    44188214,
    44228012,
    44183299,
    44219405,
    44217757,
    44230769,
    44219279,
    44186008,
    44189088,
    44188178,
    44222885,
    44188373,
    44219519,
    44217876,
    44188839,
    44219270,
    44230095,
    44220583,
    44223212,
    44216630,
    44189391,
    44180533,
    44225450,
    44189966,
    44217322,
    44215726,
    44231064,
    44221826,
    44230983,
    44212441,
    44219563,
    44215603,
    44221907,
    44210895,
    44226608,
    44211779,
    44189329,
    44215197,
    44218618,
    44224745,
    44219692,
    44227902,
    44211612,
    44219755,
    44212650,
    44229614,
    44230448,
    44216123,
    44215352,
    44225988,
    44214522,
    44221430,
    44210938,
    44215667,
    44211417,
    44209515,
    44205282,
    44210689,
    44226434,
    44212845,
    44210736,
    44227915,
    44207063,
    44221489,
    44212446,
    44201975,
    44230550,
    44205599,
    44210606,
    44227080,
    44230389,
    44201762,
    44231785,
    44207095,
    44217510,
    44219857,
    44209833,
    44208060,
    44225419,
    44221450,
    44203732,
    44214481,
    44199005,
    44215559,
    44214960,
    44208968,
    44222556,
    44204224,
    44204878,
    44205697,
    44208283,
    44209497,
    44200870,
    44199597,
    44191620,
    44213313,
    44201872,
    44212855,
    44215117,
    44183799,
    44203562,
    44223853,
    44225953,
    44205718,
    44203003,
    44217693,
    44194468,
    44207503,
    44199770,
    44220110,
    44219660,
    44196945,
    44196850,
    44212449,
    44199699,
    44229150,
    44222022,
    44206553,
    44210502,
    44200895,
    44226716,
    44219029,
    44221695,
    44201812,
    44177446,
    44201583,
    44216072,
    44197961,
    44201901,
    44168184,
    44196433,
    44220571,
    44222809,
    44189426,
    44176510,
    44226973,
    44203494,
    44204155,
    44195354,
    44181613,
    44199437,
    44181700,
    44219871,
    44199649,
    44182206,
    44204181,
    44204916,
    44197932,
    44211434,
    44200866,
    44202664,
    44222227,
    44185078,
    44201527,
    44214303,
    44185836,
    44213590,
    44205590,
    44209746,
    44178902,
    44176829,
    44213878,
    44184900,
    44188120,
    44191558,
    44223283,
    44216436,
    44186736,
    44209665,
    44193965,
    44196589,
    44192995,
    44180954,
    44194120,
    44195961,
    44210441,
    44197112,
    44217904,
    44194521,
    44200797,
    44196417,
    44215131,
    44178468,
    44199592,
    44176737,
    44205317,
    44201748,
    44206238,
    44224830,
    44182188,
    44186536,
    44198503,
    44205694,
    44191591,
    44226967,
    44181421,
    44193933,
    44193390,
    44211461,
    44201072,
    44209986,
    44221509,
    44200101,
    44176919,
    44223393,
    44228090,
    44225156,
    44201736,
    44214835,
    44228013,
    44210582,
    44195931,
    44228389,
    44200585,
    44186496,
    44169115,
    44183591,
    44194082,
    44172659,
    44186459,
    44200773,
    44220325,
    44196393,
    44209269,
    44227403,
    44205060,
    44204277,
    44194859,
    44173853,
    44186607,
    44173377,
    44208050,
    44202110,
    44179257,
    44230536,
    44185913,
    44175579,
    44219171,
    44185256,
    44205620,
    44168256,
    44211130,
    44214926,
    44213208,
    44182186,
    44176514,
    44184542,
    44178445,
    44228274,
    44182184,
    44182698,
    44181305,
    44219195,
    44187645,
    44188248,
    44209415,
    44176825,
    44193120,
    44187338,
    44169132,
    44194700,
    44185856,
    44217461,
    44186660,
    44212156,
    44196576,
    44171677,
    44211928,
    44182356,
    44171363,
    44204603,
    44211418,
    44211411,
    44204442,
    44211273,
    44222702,
    44211052,
    44223767,
    44185158,
    44204637,
    44186283,
    44218543,
    44219898,
    44199123,
    44205547,
    44226634,
    44192955,
    44214308,
    44214243,
    44182582,
    44168201,
    44202519,
    44209320,
    44189741,
    44201857,
    44170694,
    44210390,
    44210794,
    44199495,
    44208161,
    44185845,
    44228460,
    44206745,
    44172428,
    44203144,
    44203095,
    44199132,
    44169413,
    44212586,
    44178674,
    44209910,
    44201519,
    44205952,
    44218381,
    44204767,
    44205789,
    44227741,
    44205602,
    44208134,
    44168265,
    44205424,
    44205319,
    44211828,
    44193195,
    44170968,
    44184849,
    44172166,
    44174965,
    44205895,
    44194431,
    44175356,
    44198829,
    44207100,
    44202759,
    44194469,
    44222494,
    44199299,
    44186780,
    44196211,
    44174190,
    44193328,
    44174036,
    44218787,
    44175905,
    44174856,
    44182941,
    44194871,
    44221706,
    44197493,
    44181237,
    44175557,
    44204670,
    44199840,
    44193930,
    44212676,
    44208938,
    44205372,
    44208750,
    44204938,
    44175773,
    44203628,
    44204720,
    44217940,
    44211681,
    44210339,
    44203763,
    44173193,
    44212413,
    44187457,
    44208246,
    44227137,
    44217280,
    44170719,
    44200850,
    44219012,
    44214493,
    44204626,
    44173667,
    44210614,
    44222768,
    44176172,
    44178024,
    44177964,
    44185651,
    44188562,
    44214386,
    44216730,
    44227934,
    44216664,
    44207249,
    44227825,
    44193225,
    44176636,
    44225658,
    44172340,
    44217999,
    44176425,
    44206493,
    44222277,
    44180760,
    44199658,
    44213479,
    44213306,
    44205790,
    44173581,
    44193908,
    44205340,
    44179691,
    44193118,
    44227194,
    44225041,
    44222140,
    44227152,
    44198583,
    44191985,
    44204249,
    44214088,
    44225729,
    44168810,
    44214311,
    44213963,
    44224727,
    44203522,
    44176729,
    44212026,
    44203250,
    44196903,
    44183515,
    44196854,
    44211865,
    44222584,
    44179475,
    44189962,
    44189920,
    44202355,
    44227331,
    44196410,
    44184974,
    44221564,
    44185003,
    44220956
]
2025-06-09 21:30:12.686 [main] INFO  RestAssuredAPITest - response has one or more top stories
2025-06-09 21:30:16.747 [main] INFO  RestAssuredAPITest - Get Items from Top Stories
2025-06-09 22:44:16.336 [main] INFO  RestAssuredAPITest - Get Top Stories
2025-06-09 22:44:16.737 [main] INFO  RestAssuredAPITest - The request URI is https://hacker-news.firebaseio.com/v0/topstories.json
2025-06-09 22:44:18.299 [main] INFO  RestAssuredAPITest - Status code 200 as expected
2025-06-09 22:44:18.354 [main] INFO  RestAssuredAPITest - response is not empty as expected - [
    44226145,
    44229348,
    44226978,
    44231649,
    44231594,
    44229841,
    44232699,
    44207943,
    44230838,
    44232371,
    44229239,
    44232802,
    44226879,
    44229694,
    44226612,
    44225930,
    44201143,
    44179889,
    44231151,
    44206694,
    44230182,
    44224874,
    44199408,
    44224992,
    44224684,
    44224915,
    44203014,
    44225352,
    44200240,
    44229533,
    44222119,
    44225761,
    44203870,
    44197409,
    44232714,
    44206150,
    44197007,
    44224996,
    44227207,
    44232755,
    44225922,
    44223448,
    44220179,
    44227689,
    44225324,
    44226852,
    44196542,
    44232454,
    44222299,
    44203883,
    44219357,
    44229727,
    44230509,
    44228550,
    44197347,
    44220860,
    44192883,
    44223758,
    44220287,
    44228012,
    44187765,
    44230060,
    44227651,
    44220135,
    44188214,
    44183299,
    44226779,
    44195768,
    44219405,
    44217757,
    44219279,
    44186008,
    44189088,
    44188178,
    44222885,
    44188373,
    44219519,
    44230769,
    44217876,
    44188839,
    44223212,
    44219270,
    44220583,
    44180533,
    44216630,
    44189391,
    44189966,
    44217322,
    44215726,
    44230095,
    44231064,
    44225450,
    44210895,
    44230983,
    44212441,
    44221826,
    44226533,
    44232309,
    44219563,
    44215603,
    44211779,
    44226608,
    44189329,
    44221907,
    44231167,
    44215197,
    44230448,
    44218618,
    44211612,
    44219692,
    44212650,
    44219755,
    44224745,
    44216123,
    44214522,
    44215352,
    44210938,
    44231198,
    44227902,
    44221430,
    44209515,
    44205282,
    44211417,
    44215667,
    44210689,
    44212845,
    44210736,
    44229614,
    44225988,
    44207063,
    44201975,
    44212446,
    44226434,
    44227080,
    44221489,
    44205599,
    44210606,
    44223258,
    44227915,
    44201762,
    44207095,
    44217510,
    44219857,
    44208060,
    44209833,
    44203732,
    44199005,
    44230550,
    44214481,
    44208968,
    44222556,
    44204224,
    44215559,
    44214960,
    44221450,
    44204878,
    44205697,
    44208283,
    44200870,
    44225419,
    44209497,
    44230389,
    44199597,
    44191620,
    44201872,
    44213313,
    44212855,
    44215117,
    44183799,
    44203562,
    44205718,
    44203003,
    44194468,
    44207503,
    44199770,
    44217693,
    44223853,
    44231785,
    44196945,
    44196850,
    44225953,
    44220110,
    44219660,
    44212449,
    44199699,
    44206553,
    44200895,
    44210502,
    44201583,
    44222022,
    44177446,
    44231320,
    44201812,
    44219029,
    44197961,
    44201901,
    44168184,
    44196433,
    44221695,
    44216072,
    44176510,
    44189426,
    44220571,
    44226716,
    44203494,
    44222809,
    44195354,
    44204155,
    44181613,
    44229150,
    44199437,
    44181700,
    44182206,
    44199649,
    44204181,
    44204916,
    44197932,
    44200866,
    44202664,
    44211434,
    44219871,
    44226973,
    44185078,
    44201527,
    44185836,
    44214303,
    44222227,
    44205590,
    44213590,
    44178902,
    44176829,
    44209746,
    44184900,
    44191558,
    44213878,
    44186736,
    44209665,
    44193965,
    44216436,
    44188120,
    44192995,
    44196589,
    44180954,
    44194120,
    44195961,
    44223283,
    44197112,
    44194521,
    44210441,
    44196417,
    44200797,
    44228090,
    44178468,
    44176737,
    44199592,
    44217904,
    44205317,
    44215131,
    44201748,
    44206238,
    44182188,
    44186536,
    44198503,
    44191591,
    44205694,
    44181421,
    44193933,
    44193390,
    44201072,
    44211461,
    44209986,
    44176919,
    44200101,
    44224830,
    44201736,
    44195931,
    44210582,
    44200585,
    44221509,
    44186496,
    44169115,
    44183591,
    44214835,
    44172659,
    44194082,
    44226967,
    44186459,
    44223393,
    44200773,
    44196393,
    44225156,
    44209269,
    44205060,
    44204277,
    44194859,
    44173853,
    44173377,
    44186607,
    44220325,
    44208050,
    44179257,
    44228013,
    44185913,
    44175579,
    44202110,
    44185256,
    44228389,
    44168256,
    44205620,
    44182186,
    44211130,
    44219171,
    44176514,
    44213208,
    44184542,
    44178445,
    44214926,
    44182184,
    44182698,
    44181305,
    44187645,
    44188248,
    44227403,
    44176825,
    44169132,
    44187338,
    44209415,
    44193120,
    44185856,
    44194700,
    44186660,
    44219195,
    44171677,
    44196576,
    44182356,
    44212156,
    44217461,
    44171363,
    44211928,
    44204603,
    44204442,
    44211418,
    44211411,
    44211273,
    44185158,
    44211052,
    44228274,
    44204637,
    44186283,
    44230536,
    44222702,
    44218543,
    44199123,
    44205547,
    44192955,
    44168201,
    44182582,
    44223767,
    44219898,
    44202519,
    44189741,
    44170694,
    44214308,
    44214243,
    44201857,
    44209320,
    44199495,
    44210390,
    44210794,
    44185845,
    44172428,
    44208161,
    44206745,
    44203144,
    44203095,
    44212955,
    44169413,
    44199132,
    44178674,
    44226634,
    44212586,
    44201519,
    44205952,
    44209910,
    44204767,
    44205789,
    44168265,
    44205602,
    44208134,
    44205424,
    44193195,
    44205319,
    44218381,
    44211828,
    44170968,
    44184849,
    44172166,
    44174965,
    44194431,
    44228460,
    44205895,
    44175356,
    44198829,
    44202759,
    44194469,
    44207100,
    44186780,
    44199299,
    44174190,
    44196211,
    44193328,
    44227741,
    44174036,
    44175905,
    44174856,
    44182941,
    44194871,
    44218787,
    44197493,
    44181237,
    44222494,
    44175557,
    44193930,
    44199840,
    44204670,
    44208938,
    44205372,
    44212676,
    44175773,
    44204938,
    44208750,
    44203628,
    44221706,
    44204720,
    44217940,
    44173193,
    44203763,
    44210339,
    44211681,
    44187457,
    44170719,
    44212413,
    44208246,
    44200850,
    44173667,
    44204626,
    44176172,
    44178024,
    44217280,
    44177964,
    44214493,
    44210614,
    44185651,
    44219012,
    44188562,
    44214386,
    44176636,
    44193225,
    44207249,
    44216730,
    44172340,
    44216664,
    44176425,
    44222768,
    44227137,
    44206493,
    44180760,
    44199658,
    44217999,
    44213479,
    44173581,
    44193908,
    44205790,
    44213306,
    44179691,
    44193118,
    44205340,
    44222277,
    44225658,
    44198583,
    44227934,
    44191985,
    44227825,
    44204249,
    44168810,
    44214088,
    44176729,
    44203522,
    44214311,
    44213963,
    44222140,
    44183515,
    44196903,
    44203250,
    44196854,
    44179475,
    44212026,
    44189962,
    44189920,
    44211865
]
2025-06-09 22:44:18.381 [main] INFO  RestAssuredAPITest - response has one or more top stories
2025-06-09 22:44:18.701 [main] INFO  RestAssuredAPITest - Get Invalid Item
2025-06-09 22:44:19.186 [main] INFO  RestAssuredAPITest - Get Items from Top Stories
2025-06-09 22:44:19.827 [main] INFO  RestAssuredAPITest - Status code 200 as expected
2025-06-09 22:44:19.884 [main] INFO  RestAssuredAPITest - Get Comment
2025-06-09 22:57:00.018 [main] INFO  RestAssuredAPITest - Get Top Stories
2025-06-09 22:57:00.349 [main] INFO  RestAssuredAPITest - The request URI is https://hacker-news.firebaseio.com/v0/topstories.json
2025-06-09 22:57:01.741 [main] INFO  RestAssuredAPITest - Status code 200 as expected
2025-06-09 22:57:01.792 [main] INFO  RestAssuredAPITest - response is not empty as expected - [
    44226145,
    44229348,
    44226978,
    44232699,
    44231649,
    44231594,
    44229841,
    44232371,
    44207943,
    44229239,
    44232802,
    44230838,
    44226879,
    44229694,
    44226612,
    44232296,
    44225930,
    44179889,
    44231151,
    44230182,
    44201143,
    44224874,
    44206694,
    44199408,
    44224992,
    44224684,
    44232714,
    44229533,
    44224915,
    44225352,
    44203014,
    44200240,
    44222119,
    44225761,
    44203870,
    44197409,
    44232755,
    44206150,
    44197007,
    44224996,
    44227207,
    44225922,
    44223448,
    44220179,
    44227689,
    44225324,
    44219357,
    44226852,
    44196542,
    44222299,
    44232454,
    44203883,
    44229727,
    44230509,
    44228550,
    44197347,
    44220860,
    44192883,
    44223758,
    44220287,
    44228012,
    44187765,
    44220135,
    44227651,
    44230060,
    44188214,
    44183299,
    44226779,
    44195768,
    44219405,
    44217757,
    44219279,
    44186008,
    44189088,
    44188178,
    44221826,
    44222885,
    44188373,
    44219519,
    44217876,
    44230769,
    44188839,
    44219270,
    44223212,
    44220583,
    44180533,
    44216630,
    44189391,
    44189966,
    44217322,
    44215726,
    44232309,
    44210895,
    44230095,
    44225450,
    44231064,
    44230983,
    44212441,
    44226533,
    44219563,
    44215603,
    44211779,
    44189329,
    44221907,
    44226608,
    44215197,
    44231167,
    44218618,
    44230448,
    44211612,
    44219692,
    44212650,
    44219755,
    44216123,
    44224745,
    44214522,
    44215352,
    44210938,
    44221430,
    44227902,
    44205282,
    44209515,
    44231198,
    44211417,
    44215667,
    44210689,
    44212845,
    44210736,
    44229614,
    44225988,
    44207063,
    44201975,
    44212446,
    44226434,
    44221489,
    44205599,
    44227080,
    44210606,
    44231785,
    44223258,
    44201762,
    44227915,
    44207095,
    44217510,
    44208060,
    44209833,
    44219857,
    44203732,
    44199005,
    44214481,
    44230550,
    44208968,
    44204224,
    44214960,
    44215559,
    44204878,
    44222556,
    44205697,
    44221450,
    44208283,
    44200870,
    44209497,
    44199597,
    44225419,
    44191620,
    44230389,
    44201872,
    44213313,
    44212855,
    44183799,
    44215117,
    44203562,
    44205718,
    44203003,
    44194468,
    44207503,
    44199770,
    44217693,
    44223853,
    44196945,
    44196850,
    44225953,
    44220110,
    44199699,
    44212449,
    44219660,
    44206553,
    44200895,
    44210502,
    44201583,
    44177446,
    44222022,
    44201812,
    44197961,
    44219029,
    44201901,
    44168184,
    44196433,
    44231320,
    44216072,
    44221695,
    44176510,
    44189426,
    44220571,
    44203494,
    44226716,
    44195354,
    44204155,
    44222809,
    44181613,
    44199437,
    44181700,
    44229150,
    44182206,
    44199649,
    44204181,
    44204916,
    44197932,
    44200866,
    44202664,
    44211434,
    44219871,
    44226973,
    44185078,
    44201527,
    44185836,
    44214303,
    44205590,
    44222227,
    44213590,
    44178902,
    44176829,
    44209746,
    44184900,
    44191558,
    44186736,
    44213878,
    44209665,
    44193965,
    44216436,
    44192995,
    44196589,
    44188120,
    44180954,
    44194120,
    44195961,
    44197112,
    44194521,
    44223283,
    44210441,
    44196417,
    44200797,
    44178468,
    44176737,
    44199592,
    44205317,
    44217904,
    44201748,
    44215131,
    44228090,
    44182188,
    44206238,
    44186536,
    44198503,
    44191591,
    44205694,
    44181421,
    44193933,
    44193390,
    44201072,
    44211461,
    44209986,
    44176919,
    44200101,
    44201736,
    44224830,
    44195931,
    44210582,
    44200585,
    44169115,
    44221509,
    44186496,
    44183591,
    44172659,
    44214835,
    44194082,
    44186459,
    44200773,
    44226967,
    44223393,
    44196393,
    44209269,
    44205060,
    44204277,
    44194859,
    44225156,
    44173853,
    44173377,
    44186607,
    44220325,
    44179257,
    44208050,
    44185913,
    44175579,
    44202110,
    44185256,
    44168256,
    44228013,
    44205620,
    44182186,
    44228389,
    44211130,
    44176514,
    44178445,
    44184542,
    44219171,
    44213208,
    44214926,
    44182184,
    44182698,
    44181305,
    44187645,
    44188248,
    44176825,
    44169132,
    44187338,
    44193120,
    44185856,
    44209415,
    44194700,
    44227403,
    44186660,
    44171677,
    44196576,
    44219195,
    44182356,
    44212156,
    44171363,
    44217461,
    44211928,
    44204603,
    44204442,
    44211418,
    44211411,
    44211273,
    44185158,
    44211052,
    44204637,
    44186283,
    44228274,
    44230536,
    44199123,
    44218543,
    44222702,
    44205547,
    44192955,
    44168201,
    44182582,
    44219898,
    44170694,
    44189741,
    44202519,
    44223767,
    44214308,
    44201857,
    44214243,
    44209320,
    44199495,
    44210390,
    44185845,
    44210794,
    44172428,
    44208161,
    44206745,
    44203144,
    44203095,
    44169413,
    44212955,
    44199132,
    44178674,
    44212586,
    44226634,
    44201519,
    44205952,
    44209910,
    44204767,
    44168265,
    44205789,
    44205602,
    44193195,
    44208134,
    44205424,
    44205319,
    44218381,
    44211828,
    44170968,
    44184849,
    44172166,
    44174965,
    44194431,
    44205895,
    44175356,
    44198829,
    44228460,
    44194469,
    44202759,
    44207100,
    44186780,
    44199299,
    44174190,
    44193328,
    44196211,
    44174036,
    44175905,
    44174856,
    44182941,
    44227741,
    44194871,
    44181237,
    44197493,
    44218787,
    44175557,
    44193930,
    44222494,
    44199840,
    44204670,
    44205372,
    44208938,
    44212676,
    44175773,
    44204938,
    44208750,
    44203628,
    44204720,
    44221706,
    44173193,
    44203763,
    44217940,
    44210339,
    44211681,
    44187457,
    44170719,
    44208246,
    44212413,
    44173667,
    44200850,
    44204626,
    44176172,
    44178024,
    44177964,
    44214493,
    44217280,
    44210614,
    44185651,
    44188562,
    44219012,
    44176636,
    44214386,
    44193225,
    44207249,
    44216730,
    44172340,
    44176425,
    44216664,
    44222768,
    44206493,
    44180760,
    44199658,
    44217999,
    44227137,
    44173581,
    44213479,
    44193908,
    44205790,
    44213306,
    44179691,
    44193118,
    44205340,
    44198583,
    44222277,
    44191985,
    44225658,
    44204249,
    44168810,
    44227934,
    44214088,
    44176729,
    44227825,
    44203522,
    44214311,
    44183515,
    44213963,
    44196903,
    44203250,
    44179475,
    44196854,
    44222140,
    44212026,
    44189962,
    44189920
]
2025-06-09 22:57:01.813 [main] INFO  RestAssuredAPITest - response has one or more top stories
2025-06-09 22:57:02.073 [main] INFO  RestAssuredAPITest - Get Invalid Item
2025-06-09 22:57:02.666 [main] INFO  RestAssuredAPITest - Get Items from Top Stories
2025-06-09 22:57:03.336 [main] INFO  RestAssuredAPITest - Status code 200 as expected
2025-06-09 22:57:03.384 [main] INFO  RestAssuredAPITest - Get Comment
2025-06-09 22:58:54.793 [main] INFO  RestAssuredAPITest - Get Top Stories
2025-06-09 22:58:55.090 [main] INFO  RestAssuredAPITest - The request URI is https://hacker-news.firebaseio.com/v0/topstories.json
2025-06-09 22:58:56.318 [main] INFO  RestAssuredAPITest - Status code 200 as expected
2025-06-09 22:58:56.375 [main] INFO  RestAssuredAPITest - response is not empty as expected - [
    44226145,
    44229348,
    44226978,
    44231649,
    44232699,
    44231594,
    44229841,
    44232371,
    44207943,
    44229239,
    44232802,
    44230838,
    44232296,
    44226879,
    44229694,
    44226612,
    44225930,
    44179889,
    44231151,
    44230182,
    44199408,
    44224874,
    44206694,
    44201143,
    44224992,
    44224684,
    44232714,
    44229533,
    44224915,
    44225352,
    44203014,
    44200240,
    44222119,
    44225761,
    44203870,
    44197409,
    44232755,
    44206150,
    44197007,
    44224996,
    44227207,
    44225922,
    44223448,
    44220179,
    44227689,
    44225324,
    44219357,
    44226852,
    44196542,
    44222299,
    44232454,
    44203883,
    44229727,
    44230509,
    44228550,
    44197347,
    44220860,
    44192883,
    44223758,
    44220287,
    44228012,
    44187765,
    44220135,
    44227651,
    44188214,
    44230060,
    44183299,
    44226779,
    44195768,
    44219405,
    44217757,
    44219279,
    44186008,
    44189088,
    44188178,
    44221826,
    44222885,
    44188373,
    44219519,
    44217876,
    44230769,
    44188839,
    44219270,
    44223212,
    44220583,
    44180533,
    44216630,
    44189391,
    44189966,
    44215726,
    44217322,
    44232309,
    44210895,
    44230095,
    44225450,
    44231064,
    44230983,
    44212441,
    44226533,
    44219563,
    44215603,
    44211779,
    44189329,
    44221907,
    44226608,
    44215197,
    44231167,
    44218618,
    44230448,
    44211612,
    44219692,
    44212650,
    44219755,
    44216123,
    44224745,
    44214522,
    44215352,
    44210938,
    44221430,
    44205282,
    44209515,
    44227902,
    44211417,
    44215667,
    44231198,
    44210689,
    44212845,
    44210736,
    44229614,
    44225988,
    44207063,
    44201975,
    44212446,
    44226434,
    44205599,
    44221489,
    44227080,
    44210606,
    44231785,
    44223258,
    44201762,
    44207095,
    44227915,
    44217510,
    44208060,
    44209833,
    44219857,
    44203732,
    44199005,
    44214481,
    44208968,
    44230550,
    44204224,
    44214960,
    44215559,
    44204878,
    44205697,
    44222556,
    44221450,
    44208283,
    44200870,
    44209497,
    44199597,
    44225419,
    44191620,
    44230389,
    44201872,
    44213313,
    44212855,
    44183799,
    44215117,
    44203562,
    44205718,
    44203003,
    44194468,
    44207503,
    44199770,
    44217693,
    44223853,
    44196945,
    44196850,
    44225953,
    44199699,
    44220110,
    44212449,
    44219660,
    44206553,
    44200895,
    44210502,
    44201583,
    44177446,
    44222022,
    44201812,
    44197961,
    44219029,
    44201901,
    44168184,
    44196433,
    44231320,
    44216072,
    44221695,
    44176510,
    44189426,
    44220571,
    44203494,
    44195354,
    44226716,
    44204155,
    44222809,
    44181613,
    44199437,
    44181700,
    44229150,
    44182206,
    44199649,
    44204181,
    44204916,
    44197932,
    44200866,
    44202664,
    44211434,
    44219871,
    44185078,
    44226973,
    44201527,
    44185836,
    44214303,
    44205590,
    44222227,
    44213590,
    44178902,
    44176829,
    44209746,
    44184900,
    44191558,
    44186736,
    44213878,
    44209665,
    44193965,
    44216436,
    44192995,
    44196589,
    44180954,
    44188120,
    44194120,
    44195961,
    44197112,
    44194521,
    44223283,
    44210441,
    44196417,
    44200797,
    44178468,
    44176737,
    44199592,
    44205317,
    44217904,
    44201748,
    44215131,
    44228090,
    44182188,
    44206238,
    44186536,
    44198503,
    44191591,
    44205694,
    44181421,
    44193933,
    44193390,
    44201072,
    44211461,
    44209986,
    44176919,
    44200101,
    44201736,
    44195931,
    44224830,
    44210582,
    44200585,
    44169115,
    44186496,
    44221509,
    44183591,
    44172659,
    44214835,
    44194082,
    44186459,
    44200773,
    44223393,
    44226967,
    44196393,
    44209269,
    44205060,
    44204277,
    44194859,
    44173853,
    44225156,
    44173377,
    44186607,
    44220325,
    44179257,
    44208050,
    44185913,
    44175579,
    44202110,
    44185256,
    44168256,
    44228013,
    44205620,
    44182186,
    44228389,
    44211130,
    44176514,
    44178445,
    44184542,
    44219171,
    44213208,
    44214926,
    44182184,
    44182698,
    44181305,
    44187645,
    44188248,
    44176825,
    44169132,
    44187338,
    44193120,
    44185856,
    44209415,
    44194700,
    44227403,
    44186660,
    44171677,
    44196576,
    44219195,
    44182356,
    44212156,
    44171363,
    44217461,
    44211928,
    44204603,
    44204442,
    44211418,
    44211411,
    44211273,
    44185158,
    44211052,
    44204637,
    44186283,
    44228274,
    44199123,
    44218543,
    44205547,
    44230536,
    44222702,
    44192955,
    44168201,
    44182582,
    44170694,
    44189741,
    44219898,
    44202519,
    44214308,
    44223767,
    44201857,
    44214243,
    44209320,
    44199495,
    44210390,
    44185845,
    44210794,
    44172428,
    44208161,
    44206745,
    44203144,
    44203095,
    44169413,
    44212955,
    44199132,
    44178674,
    44212586,
    44201519,
    44226634,
    44205952,
    44209910,
    44168265,
    44204767,
    44205789,
    44205602,
    44193195,
    44208134,
    44205424,
    44205319,
    44218381,
    44211828,
    44170968,
    44184849,
    44172166,
    44174965,
    44194431,
    44205895,
    44175356,
    44198829,
    44228460,
    44194469,
    44202759,
    44207100,
    44186780,
    44199299,
    44174190,
    44193328,
    44196211,
    44174036,
    44175905,
    44174856,
    44182941,
    44227741,
    44194871,
    44181237,
    44197493,
    44218787,
    44175557,
    44193930,
    44222494,
    44199840,
    44204670,
    44205372,
    44208938,
    44212676,
    44175773,
    44204938,
    44208750,
    44203628,
    44204720,
    44221706,
    44173193,
    44203763,
    44217940,
    44210339,
    44211681,
    44187457,
    44170719,
    44208246,
    44212413,
    44173667,
    44200850,
    44204626,
    44176172,
    44178024,
    44177964,
    44214493,
    44217280,
    44210614,
    44185651,
    44188562,
    44219012,
    44176636,
    44214386,
    44193225,
    44207249,
    44216730,
    44172340,
    44176425,
    44216664,
    44222768,
    44206493,
    44180760,
    44199658,
    44217999,
    44227137,
    44173581,
    44213479,
    44193908,
    44205790,
    44213306,
    44179691,
    44193118,
    44205340,
    44198583,
    44222277,
    44191985,
    44225658,
    44168810,
    44204249,
    44227934,
    44176729,
    44214088,
    44227825,
    44203522,
    44214311,
    44183515,
    44213963,
    44196903,
    44203250,
    44179475,
    44196854,
    44222140,
    44212026,
    44189962,
    44189920
]
2025-06-09 22:58:56.393 [main] INFO  RestAssuredAPITest - response has one or more top stories
2025-06-09 22:58:56.664 [main] INFO  RestAssuredAPITest - Get Invalid Item
2025-06-09 22:58:57.250 [main] INFO  RestAssuredAPITest - Get Items from Top Stories
2025-06-09 22:58:57.917 [main] INFO  RestAssuredAPITest - Status code 200 as expected
2025-06-09 22:58:57.958 [main] INFO  RestAssuredAPITest - Get Comment
